INFO  2025-10-23 14:37:03,211 serena.cli:health_check:557 - Starting health check for project: /Users/tonychustudio/cafekinesi-nextjs
INFO  2025-10-23 14:37:03,211 serena.cli:health_check:561 - Creating SerenaAgent with disabled dashboard...
INFO  2025-10-23 14:37:03,233 serena.agent:__init__:151 - Starting Serena server (version=0.1.4-5fb79af1-dirty, process id=90387, parent process id=90386)
INFO  2025-10-23 14:37:03,234 serena.agent:__init__:152 - Configuration file: None
INFO  2025-10-23 14:37:03,234 serena.agent:__init__:153 - Available projects: 
INFO  2025-10-23 14:37:03,234 serena.agent:__init__:154 - Loaded tools (37): read_file, create_text_file, list_dir, find_file, replace_regex, delete_lines, replace_lines, insert_at_line, search_for_pattern, restart_language_server, get_symbols_overview, find_symbol, find_referencing_symbols, replace_symbol_body, insert_after_symbol, insert_before_symbol, rename_symbol, write_memory, read_memory, list_memories, delete_memory, execute_shell_command, activate_project, remove_project, switch_modes, get_current_config, check_onboarding_performed, onboarding, think_about_collected_information, think_about_task_adherence, think_about_whether_you_are_done, summarize_changes, prepare_for_new_conversation, initial_instructions, jet_brains_find_symbol, jet_brains_find_referencing_symbols, jet_brains_get_symbols_overview
INFO  2025-10-23 14:37:03,234 serena.config.serena_config:apply:107 - SerenaAgentContext[name='desktop-app'] included 1 tools: switch_modes
INFO  2025-10-23 14:37:03,234 serena.agent:__init__:168 - Number of exposed tools: 27
INFO  2025-10-23 14:37:03,241 serena.agent:_update_active_tools:353 - Active tools (27): activate_project, check_onboarding_performed, create_text_file, delete_memory, execute_shell_command, find_file, find_referencing_symbols, find_symbol, get_current_config, get_symbols_overview, insert_after_symbol, insert_before_symbol, list_dir, list_memories, onboarding, prepare_for_new_conversation, read_file, read_memory, rename_symbol, replace_regex, replace_symbol_body, search_for_pattern, switch_modes, think_about_collected_information, think_about_task_adherence, think_about_whether_you_are_done, write_memory
INFO  2025-10-23 14:37:03,242 serena.util.file_system:start:360 - Loading of .gitignore files starting ...
INFO  2025-10-23 14:37:03,242 serena.util.file_system:_load_gitignore_files:148 - Processing .gitignore file: /Users/tonychustudio/cafekinesi-nextjs/.gitignore
INFO  2025-10-23 14:37:03,243 serena.util.file_system:_load_gitignore_files:148 - Processing .gitignore file: /Users/tonychustudio/cafekinesi-nextjs/studio/.gitignore
INFO  2025-10-23 14:37:03,243 serena.util.file_system:_load_gitignore_files:148 - Processing .gitignore file: /Users/tonychustudio/cafekinesi-nextjs/.serena/.gitignore
INFO  2025-10-23 14:37:03,246 serena.util.file_system:stop:367 - Loading of .gitignore files completed in 0.004 seconds
INFO  2025-10-23 14:37:03,246 serena.agent:load_project_from_path_or_name:424 - Added new project cafekinesi-nextjs for path /Users/tonychustudio/cafekinesi-nextjs
INFO  2025-10-23 14:37:03,246 serena.agent:_activate_project:393 - Activating cafekinesi-nextjs at /Users/tonychustudio/cafekinesi-nextjs
INFO  2025-10-23 14:37:03,246 serena.agent:_update_active_tools:353 - Active tools (27): activate_project, check_onboarding_performed, create_text_file, delete_memory, execute_shell_command, find_file, find_referencing_symbols, find_symbol, get_current_config, get_symbols_overview, insert_after_symbol, insert_before_symbol, list_dir, list_memories, onboarding, prepare_for_new_conversation, read_file, read_memory, rename_symbol, replace_regex, replace_symbol_body, search_for_pattern, switch_modes, think_about_collected_information, think_about_task_adherence, think_about_whether_you_are_done, write_memory
INFO  2025-10-23 14:37:03,246 serena.agent:issue_task:372 - Scheduling Task-1[init_language_server]
INFO  2025-10-23 14:37:03,246 serena.agent:start:360 - Task-1[init_language_server] starting ...
INFO  2025-10-23 14:37:03,246 serena.cli:health_check:564 - SerenaAgent created successfully
INFO  2025-10-23 14:37:03,246 serena.agent:start:360 - Language server initialization starting ...
INFO  2025-10-23 14:37:03,246 serena.cli:health_check:567 - Searching for analyzable files...
INFO  2025-10-23 14:37:03,246 serena.project:create_language_server:369 - Creating language server instance for /Users/tonychustudio/cafekinesi-nextjs.
INFO  2025-10-23 14:37:03,282 serena.cli:health_check:576 - Found analyzable file: test-sanity-simple.js
INFO  2025-10-23 14:37:03,282 serena.cli:health_check:594 - Testing GetSymbolsOverviewTool on file: test-sanity-simple.js
INFO  2025-10-23 14:37:03,282 serena.agent:issue_task:372 - Scheduling Task-2[<lambda>]
INFO  2025-10-23 14:37:03,307 serena.agent:reset_language_server:542 - Starting the language server for cafekinesi-nextjs
INFO  2025-10-23 14:37:03,307 solidlsp:start:1682 - Starting language server with language typescript for /Users/tonychustudio/cafekinesi-nextjs
INFO  2025-10-23 14:37:03,308 solidlsp:_start_server:224 - Starting TypeScript server process
INFO  2025-10-23 14:37:03,308 solidlsp.ls_handler:start:189 - Starting language server process via command: ['/Users/tonychustudio/.serena/language_servers/static/TypeScriptLanguageServer/ts-lsp/node_modules/.bin/typescript-language-server', '--stdio']
INFO  2025-10-23 14:37:03,309 solidlsp:_start_server:228 - Sending initialize request from LSP client to LSP server and awaiting response
INFO  2025-10-23 14:37:03,357 solidlsp:window_log_message:207 - LSP: window/logMessage: {"type": 3, "message": "Using Typescript version (workspace) 5.9.2 from path "/Users/tonychustudio/cafekinesi-nextjs/node_modules/typescript/lib/tsserver.js""}
INFO  2025-10-23 14:37:04,362 solidlsp:_start_server:246 - Timeout waiting for TypeScript server to become ready, proceeding anyway
INFO  2025-10-23 14:37:04,363 serena.agent:stop:367 - Language server initialization completed in 1.117 seconds
INFO  2025-10-23 14:37:04,363 serena.agent:stop:367 - Task-1[init_language_server] completed in 1.117 seconds
INFO  2025-10-23 14:37:04,364 serena.agent:start:360 - Task-2[<lambda>] starting ...
INFO  2025-10-23 14:37:04,528 serena.agent:stop:367 - Task-2[<lambda>] completed in 0.164 seconds
INFO  2025-10-23 14:37:04,528 serena.cli:health_check:597 - GetSymbolsOverviewTool returned 3 symbols
INFO  2025-10-23 14:37:04,528 serena.cli:health_check:622 - Using symbol for testing: testSanity (kind: 12)
INFO  2025-10-23 14:37:04,528 serena.cli:health_check:625 - Testing FindSymbolTool for symbol: testSanity
INFO  2025-10-23 14:37:04,528 serena.agent:issue_task:372 - Scheduling Task-3[<lambda>]
INFO  2025-10-23 14:37:04,528 serena.agent:start:360 - Task-3[<lambda>] starting ...
INFO  2025-10-23 14:37:04,531 serena.agent:stop:367 - Task-3[<lambda>] completed in 0.003 seconds
INFO  2025-10-23 14:37:04,531 serena.cli:health_check:630 - FindSymbolTool found 1 matches for symbol testSanity
INFO  2025-10-23 14:37:04,532 serena.cli:health_check:633 - Testing FindReferencingSymbolsTool for symbol: testSanity
INFO  2025-10-23 14:37:04,532 serena.agent:issue_task:372 - Scheduling Task-4[<lambda>]
INFO  2025-10-23 14:37:04,532 serena.agent:start:360 - Task-4[<lambda>] starting ...
WARNING 2025-10-23 14:37:05,556 solidlsp:request_referencing_symbols:1308 - Could not find containing symbol for test-sanity-simple.js:99:0. Returning file symbol instead
INFO  2025-10-23 14:37:05,556 serena.agent:stop:367 - Task-4[<lambda>] completed in 1.025 seconds
INFO  2025-10-23 14:37:05,557 serena.cli:health_check:637 - FindReferencingSymbolsTool found 1 references for symbol testSanity
INFO  2025-10-23 14:37:05,557 serena.cli:health_check:643 - Testing SearchForPatternTool for pattern: testSanity
INFO  2025-10-23 14:37:05,557 serena.agent:issue_task:372 - Scheduling Task-5[<lambda>]
INFO  2025-10-23 14:37:05,557 serena.agent:start:360 - Task-5[<lambda>] starting ...
INFO  2025-10-23 14:37:05,571 serena.text_utils:search_files:365 - Processing 488 files.
INFO  2025-10-23 14:37:05,613 serena.text_utils:search_files:406 - Found 6 total matches across 488 files
INFO  2025-10-23 14:37:05,613 serena.agent:stop:367 - Task-5[<lambda>] completed in 0.057 seconds
INFO  2025-10-23 14:37:05,613 serena.cli:health_check:650 - SearchForPatternTool found 6 pattern matches for testSanity
INFO  2025-10-23 14:37:05,614 serena.cli:health_check:664 - Health check completed successfully
